2021-05-19 14:32:58 run_sparta_abc_single_folder_pipeline INFO      started.
2021-05-19 14:32:58 run_sparta_abc_single_folder_pipeline INFO     Inside create_sims function.
2021-05-19 14:32:58 run_sparta_abc_single_folder_pipeline INFO     Writing conf files.
2021-05-19 14:32:58 run_sparta_abc_single_folder_pipeline INFO     Wrote /home/elyawy/development/Msc/Thesis/Working_dir/SpartaABC/results/_eq.conf. Based on /home/elyawy/development/Msc/Thesis/Working_dir/SpartaABC/sparta_conf_template.conf
2021-05-19 14:32:58 run_sparta_abc_single_folder_pipeline INFO     Wrote /home/elyawy/development/Msc/Thesis/Working_dir/SpartaABC/results/_dif.conf. Based on /home/elyawy/development/Msc/Thesis/Working_dir/SpartaABC/sparta_conf_template.conf
2021-05-19 14:32:58 run_sparta_abc_single_folder_pipeline INFO     linux op system
2021-05-19 14:32:58 run_sparta_abc_single_folder_pipeline INFO     ran /home/elyawy/development/Msc/Thesis/Working_dir/SpartaABC/SpartaABC, conf_path=/home/elyawy/development/Msc/Thesis/Working_dir/SpartaABC/results/_eq.conf, stat=1
2021-05-19 14:32:58 run_sparta_abc_single_folder_pipeline INFO     ran /home/elyawy/development/Msc/Thesis/Working_dir/SpartaABC/SpartaABC, conf_path=/home/elyawy/development/Msc/Thesis/Working_dir/SpartaABC/results/_dif.conf, stat=1
2021-05-19 14:32:58 run_sparta_abc_single_folder_pipeline INFO      simulations are done - finish stats 1.
2021-05-19 14:34:40 run_sparta_abc_single_folder_pipeline INFO      started.
2021-05-19 14:34:40 run_sparta_abc_single_folder_pipeline INFO     Inside create_sims function.
2021-05-19 14:34:40 run_sparta_abc_single_folder_pipeline INFO     Writing conf files.
2021-05-19 14:34:40 run_sparta_abc_single_folder_pipeline INFO     Wrote /home/elyawy/development/Msc/Thesis/Working_dir/SpartaABC/results/_eq.conf. Based on /home/elyawy/development/Msc/Thesis/Working_dir/SpartaABC/sparta_conf_template.conf
2021-05-19 14:34:40 run_sparta_abc_single_folder_pipeline INFO     Wrote /home/elyawy/development/Msc/Thesis/Working_dir/SpartaABC/results/_dif.conf. Based on /home/elyawy/development/Msc/Thesis/Working_dir/SpartaABC/sparta_conf_template.conf
2021-05-19 14:34:40 run_sparta_abc_single_folder_pipeline INFO     linux op system
2021-05-19 14:35:02 run_sparta_abc_single_folder_pipeline INFO     ran /home/elyawy/development/Msc/Thesis/Working_dir/SpartaABC/SpartaABC, conf_path=/home/elyawy/development/Msc/Thesis/Working_dir/SpartaABC/results/_eq.conf, stat=0
2021-05-19 14:35:26 run_sparta_abc_single_folder_pipeline INFO     ran /home/elyawy/development/Msc/Thesis/Working_dir/SpartaABC/SpartaABC, conf_path=/home/elyawy/development/Msc/Thesis/Working_dir/SpartaABC/results/_dif.conf, stat=0
2021-05-19 14:35:26 run_sparta_abc_single_folder_pipeline INFO      simulations are done - finish stats 0.
2021-05-19 14:35:26 msa_bias_corrector INFO     Maximal sequence length for model dif: 165
2021-05-19 14:35:26 msa_bias_corrector INFO     Number of simulated MSAs  for model dif: 165
2021-05-19 14:35:26 msa_bias_corrector INFO     Number of indelible MSAs for model dif: 200
2021-05-19 14:35:51 msa_bias_corrector INFO     Done with MAFFT
2021-05-19 14:36:00 msa_bias_corrector INFO     {'AVG_GAP_SIZE': 0.9973463147600965, 'MSA_LEN': 0.9995593912532638, 'MSA_MAX_LEN': 1.0, 'MSA_MIN_LEN': 0.9999999726115905, 'TOT_NUM_GAPS': 0.9797984725374818, 'NUM_GAPS_LEN_ONE': 0.9582640091350316, 'NUM_GAPS_LEN_TWO': 0.9647746974976037, 'NUM_GAPS_LEN_THREE': 0.9455270989449456, 'NUM_GAPS_LEN_AT_LEAST_FOUR': 0.9873053147906594, 'AVG_UNIQUE_GAP_SIZE': 0.9946900142789593, 'TOT_NUM_UNIQE_GAPS': 0.9876730132328793, 'NUM_GAPS_LEN_ONE_POS_1_GAPS': 0.9354008129300111, 'NUM_GAPS_LEN_ONE_POS_2_GAPS': 0.8716418067483218, 'NUM_GAPS_LEN_ONE_POS_N_MINUS_1_GAPS': 0.9193159834609741, 'NUM_GAPS_LEN_TWO_POS_1_GAPS': 0.9592258404929609, 'NUM_GAPS_LEN_TWO_POS_2_GAPS': 0.949620824774604, 'NUM_GAPS_LEN_TWO_POS_N_MINUS_1_GAPS': 0.9659821860069773, 'NUM_GAPS_LEN_THREE_POS_1_GAPS': 0.9999999941428308, 'NUM_GAPS_LEN_THREE_POS_2_GAPS': 0.9999999963964379, 'NUM_GAPS_LEN_THREE_POS_N_MINUS_1_GAPS': 0.9376081615758172, 'NUM_GAPS_LEN_AT_LEAST_FOUR_POS_1_GAPS': 0.9901409469597148, 'NUM_GAPS_LEN_AT_LEAST_FOUR_POS_2_GAPS': 0.9656769625776715, 'NUM_GAPS_LEN_AT_LEAST_FOUR_POS_N_MINUS_1_GAPS': 0.9796453336602798, 'MSA_POSITION_WITH_0_GAPS': 0.9994787052863701, 'MSA_POSITION_WITH_1_GAPS': 0.998317814095745, 'MSA_POSITION_WITH_2_GAPS': 0.9920909275428548, 'MSA_POSITION_WITH_N_MINUS_1_GAPS': 0.9992526797306353}
2021-05-19 14:36:08 msa_bias_corrector INFO     Corrected MSA bias for model dif
2021-05-19 14:36:08 msa_bias_corrector INFO     Maximal sequence length for model eq: 166
2021-05-19 14:36:08 msa_bias_corrector INFO     Number of simulated MSAs  for model eq: 166
2021-05-19 14:36:08 msa_bias_corrector INFO     Number of indelible MSAs for model eq: 200
2021-05-19 14:36:32 msa_bias_corrector INFO     Done with MAFFT
2021-05-19 14:36:42 msa_bias_corrector INFO     {'AVG_GAP_SIZE': 0.9895417346371751, 'MSA_LEN': 0.9980501583961328, 'MSA_MAX_LEN': 0.999999999810596, 'MSA_MIN_LEN': 1.0, 'TOT_NUM_GAPS': 0.9701115434387184, 'NUM_GAPS_LEN_ONE': 0.9138958441195342, 'NUM_GAPS_LEN_TWO': 0.766407696366274, 'NUM_GAPS_LEN_THREE': 0.9589552382952353, 'NUM_GAPS_LEN_AT_LEAST_FOUR': 0.9745473073631065, 'AVG_UNIQUE_GAP_SIZE': 0.9875951827214803, 'TOT_NUM_UNIQE_GAPS': 0.9753783568617549, 'NUM_GAPS_LEN_ONE_POS_1_GAPS': 0.9213572100858538, 'NUM_GAPS_LEN_ONE_POS_2_GAPS': 0.7444392434259373, 'NUM_GAPS_LEN_ONE_POS_N_MINUS_1_GAPS': 0.8257699071850734, 'NUM_GAPS_LEN_TWO_POS_1_GAPS': 0.8783865166518888, 'NUM_GAPS_LEN_TWO_POS_2_GAPS': 0.8182322646689181, 'NUM_GAPS_LEN_TWO_POS_N_MINUS_1_GAPS': 0.7106477907811555, 'NUM_GAPS_LEN_THREE_POS_1_GAPS': 0.8964201265980478, 'NUM_GAPS_LEN_THREE_POS_2_GAPS': nan, 'NUM_GAPS_LEN_THREE_POS_N_MINUS_1_GAPS': 0.9470993332514359, 'NUM_GAPS_LEN_AT_LEAST_FOUR_POS_1_GAPS': 0.9798347894393044, 'NUM_GAPS_LEN_AT_LEAST_FOUR_POS_2_GAPS': 0.9219813541688671, 'NUM_GAPS_LEN_AT_LEAST_FOUR_POS_N_MINUS_1_GAPS': 0.9619016270619923, 'MSA_POSITION_WITH_0_GAPS': 0.9943520093557535, 'MSA_POSITION_WITH_1_GAPS': 0.9750325120387408, 'MSA_POSITION_WITH_2_GAPS': 0.9810634110184625, 'MSA_POSITION_WITH_N_MINUS_1_GAPS': 0.9924594564518934}
2021-05-19 14:36:49 msa_bias_corrector INFO     Corrected MSA bias for model eq
2021-05-19 14:36:49 infer_abc_params_single_folder_pipeline INFO     started calc stats msa_corrected
2021-05-19 14:36:50 infer_abc_params_single_folder_pipeline INFO     dropped 8 features from ideq model
2021-05-19 14:36:52 infer_abc_params_single_folder_pipeline INFO     dropped 1 features from iddif model
2021-05-19 14:36:52 infer_abc_params_single_folder_pipeline INFO     ran load_lib_data msa_corrected
2021-05-19 14:36:52 infer_abc_params_single_folder_pipeline INFO     ran calc_bayes_factor msa_corrected
2021-05-19 14:36:52 infer_abc_params_single_folder_pipeline INFO     done bayes class msa_corrected
2021-05-19 14:36:52 infer_abc_params_single_folder_pipeline INFO     done ABC mean msa_corrected
2021-05-19 14:37:05 infer_abc_params_single_folder_pipeline INFO     done ABC ridge msa_corrected
2021-05-19 14:37:05 infer_abc_params_single_folder_pipeline INFO     Done msa_corrected. Res file written to /home/elyawy/development/Msc/Thesis/Working_dir/SpartaABC/results/msa_corrected_res.csv
2021-05-19 14:54:56 run_sparta_abc_single_folder_pipeline INFO      started.
2021-05-19 14:54:56 run_sparta_abc_single_folder_pipeline INFO     Inside create_sims function.
2021-05-19 14:54:56 run_sparta_abc_single_folder_pipeline INFO     Writing conf files.
2021-05-19 14:54:56 run_sparta_abc_single_folder_pipeline INFO     Wrote /home/elyawy/development/Msc/Thesis/Working_dir/SpartaABC/results/_eq.conf. Based on /home/elyawy/development/Msc/Thesis/Working_dir/SpartaABC/sparta_conf_template.conf
2021-05-19 14:54:56 run_sparta_abc_single_folder_pipeline INFO     Wrote /home/elyawy/development/Msc/Thesis/Working_dir/SpartaABC/results/_dif.conf. Based on /home/elyawy/development/Msc/Thesis/Working_dir/SpartaABC/sparta_conf_template.conf
2021-05-19 14:54:56 run_sparta_abc_single_folder_pipeline INFO     linux op system
2021-05-19 14:55:20 run_sparta_abc_single_folder_pipeline INFO     ran /home/elyawy/development/Msc/Thesis/Working_dir/SpartaABC/SpartaABC, conf_path=/home/elyawy/development/Msc/Thesis/Working_dir/SpartaABC/results/_eq.conf, stat=0
2021-05-19 14:55:43 run_sparta_abc_single_folder_pipeline INFO     ran /home/elyawy/development/Msc/Thesis/Working_dir/SpartaABC/SpartaABC, conf_path=/home/elyawy/development/Msc/Thesis/Working_dir/SpartaABC/results/_dif.conf, stat=0
2021-05-19 14:55:43 run_sparta_abc_single_folder_pipeline INFO      simulations are done - finish stats 0.
2021-05-19 14:55:43 msa_bias_corrector INFO     Maximal sequence length for model dif: 167
2021-05-19 14:55:43 msa_bias_corrector INFO     Number of simulated MSAs  for model dif: 167
2021-05-19 14:55:43 msa_bias_corrector INFO     Number of indelible MSAs for model dif: 200
2021-05-19 14:56:07 msa_bias_corrector INFO     Done with MAFFT
2021-05-19 14:56:15 msa_bias_corrector INFO     {'AVG_GAP_SIZE': 0.9871557727623743, 'MSA_LEN': 0.9915824567528336, 'MSA_MAX_LEN': 0.9999999629288663, 'MSA_MIN_LEN': 1.0, 'TOT_NUM_GAPS': 0.9798968020492463, 'NUM_GAPS_LEN_ONE': 0.9818504395144521, 'NUM_GAPS_LEN_TWO': 0.9731800829263146, 'NUM_GAPS_LEN_THREE': 0.9719567542206748, 'NUM_GAPS_LEN_AT_LEAST_FOUR': 0.9705681667626396, 'AVG_UNIQUE_GAP_SIZE': 0.9831193749095625, 'TOT_NUM_UNIQE_GAPS': 0.9873861934792171, 'NUM_GAPS_LEN_ONE_POS_1_GAPS': 0.9607253858438014, 'NUM_GAPS_LEN_ONE_POS_2_GAPS': 0.8218942432093195, 'NUM_GAPS_LEN_ONE_POS_N_MINUS_1_GAPS': 0.9739116512329158, 'NUM_GAPS_LEN_TWO_POS_1_GAPS': 0.9343678182915174, 'NUM_GAPS_LEN_TWO_POS_2_GAPS': nan, 'NUM_GAPS_LEN_TWO_POS_N_MINUS_1_GAPS': 0.9398221571156209, 'NUM_GAPS_LEN_THREE_POS_1_GAPS': 0.9102905619486104, 'NUM_GAPS_LEN_THREE_POS_2_GAPS': 0.8144168583289644, 'NUM_GAPS_LEN_THREE_POS_N_MINUS_1_GAPS': 0.9634733593065665, 'NUM_GAPS_LEN_AT_LEAST_FOUR_POS_1_GAPS': 0.9781102133771226, 'NUM_GAPS_LEN_AT_LEAST_FOUR_POS_2_GAPS': 0.921107797723694, 'NUM_GAPS_LEN_AT_LEAST_FOUR_POS_N_MINUS_1_GAPS': 0.9363714688015137, 'MSA_POSITION_WITH_0_GAPS': 0.9994953898420567, 'MSA_POSITION_WITH_1_GAPS': 0.9982445185848066, 'MSA_POSITION_WITH_2_GAPS': 0.8975958659788341, 'MSA_POSITION_WITH_N_MINUS_1_GAPS': 0.9311968742693926}
2021-05-19 14:56:22 msa_bias_corrector INFO     Corrected MSA bias for model dif
2021-05-19 14:56:22 msa_bias_corrector INFO     Maximal sequence length for model eq: 150
2021-05-19 14:56:22 msa_bias_corrector INFO     Number of simulated MSAs  for model eq: 150
2021-05-19 14:56:22 msa_bias_corrector INFO     Number of indelible MSAs for model eq: 200
2021-05-19 14:56:46 msa_bias_corrector INFO     Done with MAFFT
2021-05-19 14:56:54 msa_bias_corrector INFO     {'AVG_GAP_SIZE': 0.9550864588545374, 'MSA_LEN': 0.9937609246499743, 'MSA_MAX_LEN': 0.9999999997949189, 'MSA_MIN_LEN': 1.0, 'TOT_NUM_GAPS': 0.9842608903652439, 'NUM_GAPS_LEN_ONE': 0.9579069119614131, 'NUM_GAPS_LEN_TWO': 0.9498926769601412, 'NUM_GAPS_LEN_THREE': 0.9248937524490478, 'NUM_GAPS_LEN_AT_LEAST_FOUR': 0.9807956975772304, 'AVG_UNIQUE_GAP_SIZE': 0.942337477986164, 'TOT_NUM_UNIQE_GAPS': 0.9869472169580447, 'NUM_GAPS_LEN_ONE_POS_1_GAPS': 0.9513052518946552, 'NUM_GAPS_LEN_ONE_POS_2_GAPS': 0.9136771078403386, 'NUM_GAPS_LEN_ONE_POS_N_MINUS_1_GAPS': 0.9525057112426845, 'NUM_GAPS_LEN_TWO_POS_1_GAPS': 0.9466367284614357, 'NUM_GAPS_LEN_TWO_POS_2_GAPS': nan, 'NUM_GAPS_LEN_TWO_POS_N_MINUS_1_GAPS': 0.9332149190753044, 'NUM_GAPS_LEN_THREE_POS_1_GAPS': 0.9654452594132756, 'NUM_GAPS_LEN_THREE_POS_2_GAPS': 0.814432110921262, 'NUM_GAPS_LEN_THREE_POS_N_MINUS_1_GAPS': 0.9303716450158303, 'NUM_GAPS_LEN_AT_LEAST_FOUR_POS_1_GAPS': 0.8573467041233613, 'NUM_GAPS_LEN_AT_LEAST_FOUR_POS_2_GAPS': 0.6745024071264661, 'NUM_GAPS_LEN_AT_LEAST_FOUR_POS_N_MINUS_1_GAPS': 0.9503632460238397, 'MSA_POSITION_WITH_0_GAPS': 0.9956484190485411, 'MSA_POSITION_WITH_1_GAPS': 0.9781431920973248, 'MSA_POSITION_WITH_2_GAPS': 0.9402935968444874, 'MSA_POSITION_WITH_N_MINUS_1_GAPS': 0.9775328062832378}
2021-05-19 14:57:02 msa_bias_corrector INFO     Corrected MSA bias for model eq
2021-05-19 14:57:02 infer_abc_params_single_folder_pipeline INFO     started calc stats msa_corrected
2021-05-19 14:57:03 infer_abc_params_single_folder_pipeline INFO     dropped 4 features from ideq model
2021-05-19 14:57:05 infer_abc_params_single_folder_pipeline INFO     dropped 4 features from iddif model
2021-05-19 14:57:05 infer_abc_params_single_folder_pipeline INFO     ran load_lib_data msa_corrected
2021-05-19 14:57:05 infer_abc_params_single_folder_pipeline INFO     ran calc_bayes_factor msa_corrected
2021-05-19 14:57:05 infer_abc_params_single_folder_pipeline INFO     done bayes class msa_corrected
2021-05-19 14:57:05 infer_abc_params_single_folder_pipeline INFO     done ABC mean msa_corrected
2021-05-19 14:57:17 infer_abc_params_single_folder_pipeline INFO     done ABC ridge msa_corrected
2021-05-19 14:57:17 infer_abc_params_single_folder_pipeline INFO     Done msa_corrected. Res file written to /home/elyawy/development/Msc/Thesis/Working_dir/SpartaABC/results/msa_corrected_res.csv
2021-05-19 15:56:24 run_sparta_abc_single_folder_pipeline INFO      started.
2021-05-19 15:56:24 run_sparta_abc_single_folder_pipeline INFO     Inside create_sims function.
2021-05-19 15:56:24 run_sparta_abc_single_folder_pipeline INFO     Writing conf files.
2021-05-19 15:56:24 run_sparta_abc_single_folder_pipeline INFO     Wrote /home/elyawy/development/Msc/Thesis/Working_dir/SpartaABC/results/_eq.conf. Based on /home/elyawy/development/Msc/Thesis/Working_dir/SpartaABC/sparta_conf_template.conf
2021-05-19 15:56:24 run_sparta_abc_single_folder_pipeline INFO     Wrote /home/elyawy/development/Msc/Thesis/Working_dir/SpartaABC/results/_dif.conf. Based on /home/elyawy/development/Msc/Thesis/Working_dir/SpartaABC/sparta_conf_template.conf
2021-05-19 15:56:24 run_sparta_abc_single_folder_pipeline INFO     linux op system
2021-05-19 15:56:29 run_sparta_abc_single_folder_pipeline INFO      skipped.
2021-05-19 15:56:55 run_sparta_abc_single_folder_pipeline INFO      started.
2021-05-19 15:56:55 run_sparta_abc_single_folder_pipeline INFO     Inside create_sims function.
2021-05-19 15:56:55 run_sparta_abc_single_folder_pipeline INFO     Writing conf files.
2021-05-19 15:56:55 run_sparta_abc_single_folder_pipeline INFO     Wrote /home/elyawy/development/Msc/Thesis/Working_dir/SpartaABC/results/_eq.conf. Based on /home/elyawy/development/Msc/Thesis/Working_dir/SpartaABC/sparta_conf_template.conf
2021-05-19 15:56:55 run_sparta_abc_single_folder_pipeline INFO     Wrote /home/elyawy/development/Msc/Thesis/Working_dir/SpartaABC/results/_dif.conf. Based on /home/elyawy/development/Msc/Thesis/Working_dir/SpartaABC/sparta_conf_template.conf
2021-05-19 15:56:55 run_sparta_abc_single_folder_pipeline INFO     linux op system
2021-05-19 15:57:15 run_sparta_abc_single_folder_pipeline INFO     ran /home/elyawy/development/Msc/Thesis/Working_dir/SpartaABC/SpartaABC, conf_path=/home/elyawy/development/Msc/Thesis/Working_dir/SpartaABC/results/_eq.conf, stat=0
2021-05-19 15:57:35 run_sparta_abc_single_folder_pipeline INFO     ran /home/elyawy/development/Msc/Thesis/Working_dir/SpartaABC/SpartaABC, conf_path=/home/elyawy/development/Msc/Thesis/Working_dir/SpartaABC/results/_dif.conf, stat=0
2021-05-19 15:57:35 run_sparta_abc_single_folder_pipeline INFO      simulations are done - finish stats 0.
2021-05-19 15:57:35 msa_bias_corrector INFO     Maximal sequence length for model dif: 145
2021-05-19 15:57:35 msa_bias_corrector INFO     Number of simulated MSAs  for model dif: 145
2021-05-19 15:57:35 msa_bias_corrector INFO     Number of indelible MSAs for model dif: 200
2021-05-19 15:57:58 msa_bias_corrector INFO     Done with MAFFT
2021-05-19 15:58:04 msa_bias_corrector INFO     {'AVG_GAP_SIZE': 0.9956125641226774, 'MSA_LEN': 0.9992048674035127, 'MSA_MAX_LEN': 0.9999999924238105, 'MSA_MIN_LEN': 0.9999999804536505, 'TOT_NUM_GAPS': 0.9878100376231026, 'NUM_GAPS_LEN_ONE': 0.956955958265793, 'NUM_GAPS_LEN_TWO': 0.9562561357112195, 'NUM_GAPS_LEN_THREE': 0.9498876573348609, 'NUM_GAPS_LEN_AT_LEAST_FOUR': 0.9752403641117888, 'AVG_UNIQUE_GAP_SIZE': 0.9899674593606942, 'TOT_NUM_UNIQE_GAPS': 0.9740172789316268, 'NUM_GAPS_LEN_ONE_POS_1_GAPS': 0.923690285274744, 'NUM_GAPS_LEN_ONE_POS_2_GAPS': 0.9037702368324804, 'NUM_GAPS_LEN_ONE_POS_N_MINUS_1_GAPS': 0.9438124439235913, 'NUM_GAPS_LEN_TWO_POS_1_GAPS': 0.9744146063326695, 'NUM_GAPS_LEN_TWO_POS_2_GAPS': 0.9415603857413937, 'NUM_GAPS_LEN_TWO_POS_N_MINUS_1_GAPS': 0.967729414342801, 'NUM_GAPS_LEN_THREE_POS_1_GAPS': 0.9156709990701029, 'NUM_GAPS_LEN_THREE_POS_2_GAPS': 0.9999999807059627, 'NUM_GAPS_LEN_THREE_POS_N_MINUS_1_GAPS': 0.9515643370736784, 'NUM_GAPS_LEN_AT_LEAST_FOUR_POS_1_GAPS': 0.9456555736979398, 'NUM_GAPS_LEN_AT_LEAST_FOUR_POS_2_GAPS': 0.894051156779571, 'NUM_GAPS_LEN_AT_LEAST_FOUR_POS_N_MINUS_1_GAPS': 0.961326693650726, 'MSA_POSITION_WITH_0_GAPS': 0.9990598031919098, 'MSA_POSITION_WITH_1_GAPS': 0.9950349749373836, 'MSA_POSITION_WITH_2_GAPS': 0.9903578659640683, 'MSA_POSITION_WITH_N_MINUS_1_GAPS': 0.9972797356100256}
2021-05-19 15:58:10 msa_bias_corrector INFO     Corrected MSA bias for model dif
2021-05-19 15:58:10 msa_bias_corrector INFO     Maximal sequence length for model eq: 164
2021-05-19 15:58:10 msa_bias_corrector INFO     Number of simulated MSAs  for model eq: 164
2021-05-19 15:58:10 msa_bias_corrector INFO     Number of indelible MSAs for model eq: 200
2021-05-19 15:58:33 msa_bias_corrector INFO     Done with MAFFT
2021-05-19 15:58:39 msa_bias_corrector INFO     {'AVG_GAP_SIZE': 0.9932122157049849, 'MSA_LEN': 0.9969694824537384, 'MSA_MAX_LEN': 0.999999997093466, 'MSA_MIN_LEN': 0.9999999931964183, 'TOT_NUM_GAPS': 0.9599702540053192, 'NUM_GAPS_LEN_ONE': 0.9015104032765509, 'NUM_GAPS_LEN_TWO': 0.9374453183534928, 'NUM_GAPS_LEN_THREE': 0.941228489514998, 'NUM_GAPS_LEN_AT_LEAST_FOUR': 0.9877215352241435, 'AVG_UNIQUE_GAP_SIZE': 0.9934591509868068, 'TOT_NUM_UNIQE_GAPS': 0.9658404630474386, 'NUM_GAPS_LEN_ONE_POS_1_GAPS': 0.8795050943060605, 'NUM_GAPS_LEN_ONE_POS_2_GAPS': 0.9235788717159552, 'NUM_GAPS_LEN_ONE_POS_N_MINUS_1_GAPS': 0.908028223667304, 'NUM_GAPS_LEN_TWO_POS_1_GAPS': 0.8816832968465544, 'NUM_GAPS_LEN_TWO_POS_2_GAPS': 0.5594483664317992, 'NUM_GAPS_LEN_TWO_POS_N_MINUS_1_GAPS': 0.9564510270808215, 'NUM_GAPS_LEN_THREE_POS_1_GAPS': 0.9009068976490582, 'NUM_GAPS_LEN_THREE_POS_2_GAPS': 0.6567697216929586, 'NUM_GAPS_LEN_THREE_POS_N_MINUS_1_GAPS': 0.8774159932991531, 'NUM_GAPS_LEN_AT_LEAST_FOUR_POS_1_GAPS': 0.9707887079543112, 'NUM_GAPS_LEN_AT_LEAST_FOUR_POS_2_GAPS': 0.8340764373876735, 'NUM_GAPS_LEN_AT_LEAST_FOUR_POS_N_MINUS_1_GAPS': 0.9448220976648943, 'MSA_POSITION_WITH_0_GAPS': 0.9997390464881968, 'MSA_POSITION_WITH_1_GAPS': 0.9982217287695314, 'MSA_POSITION_WITH_2_GAPS': 0.9916643403042549, 'MSA_POSITION_WITH_N_MINUS_1_GAPS': 0.9892800062791812}
2021-05-19 15:58:45 msa_bias_corrector INFO     Corrected MSA bias for model eq
2021-05-19 15:58:45 infer_abc_params_single_folder_pipeline INFO     started calc stats msa_corrected
2021-05-19 15:58:46 infer_abc_params_single_folder_pipeline INFO     dropped 6 features from ideq model
2021-05-19 15:58:47 infer_abc_params_single_folder_pipeline INFO     dropped 1 features from iddif model
2021-05-19 15:58:47 infer_abc_params_single_folder_pipeline INFO     ran load_lib_data msa_corrected
2021-05-19 15:58:47 infer_abc_params_single_folder_pipeline INFO     ran calc_bayes_factor msa_corrected
2021-05-19 15:58:47 infer_abc_params_single_folder_pipeline INFO     done bayes class msa_corrected
2021-05-19 15:58:47 infer_abc_params_single_folder_pipeline INFO     done ABC mean msa_corrected
2021-05-19 15:58:57 infer_abc_params_single_folder_pipeline INFO     done ABC ridge msa_corrected
2021-05-19 15:58:57 infer_abc_params_single_folder_pipeline INFO     Done msa_corrected. Res file written to /home/elyawy/development/Msc/Thesis/Working_dir/SpartaABC/results/msa_corrected_res.csv
2021-05-19 16:08:57 run_sparta_abc_single_folder_pipeline INFO      started.
2021-05-19 16:08:57 run_sparta_abc_single_folder_pipeline INFO     Inside create_sims function.
2021-05-19 16:08:57 run_sparta_abc_single_folder_pipeline INFO     Writing conf files.
2021-05-19 16:08:57 run_sparta_abc_single_folder_pipeline INFO     Wrote /home/elyawy/development/Msc/Thesis/Working_dir/SpartaABC/results/_eq.conf. Based on /home/elyawy/development/Msc/Thesis/Working_dir/SpartaABC/sparta_conf_template.conf
2021-05-19 16:08:57 run_sparta_abc_single_folder_pipeline INFO     Wrote /home/elyawy/development/Msc/Thesis/Working_dir/SpartaABC/results/_dif.conf. Based on /home/elyawy/development/Msc/Thesis/Working_dir/SpartaABC/sparta_conf_template.conf
2021-05-19 16:08:57 run_sparta_abc_single_folder_pipeline INFO     linux op system
2021-05-19 16:09:17 run_sparta_abc_single_folder_pipeline INFO      skipped.
2021-05-19 16:10:50 run_sparta_abc_single_folder_pipeline INFO      started.
2021-05-19 16:10:50 run_sparta_abc_single_folder_pipeline INFO     Inside create_sims function.
2021-05-19 16:10:50 run_sparta_abc_single_folder_pipeline INFO     Writing conf files.
2021-05-19 16:10:50 run_sparta_abc_single_folder_pipeline INFO     Wrote /home/elyawy/development/Msc/Thesis/Working_dir/SpartaABC/results/_eq.conf. Based on /home/elyawy/development/Msc/Thesis/Working_dir/SpartaABC/sparta_conf_template.conf
2021-05-19 16:10:50 run_sparta_abc_single_folder_pipeline INFO     Wrote /home/elyawy/development/Msc/Thesis/Working_dir/SpartaABC/results/_dif.conf. Based on /home/elyawy/development/Msc/Thesis/Working_dir/SpartaABC/sparta_conf_template.conf
2021-05-19 16:10:50 run_sparta_abc_single_folder_pipeline INFO     linux op system
2021-05-19 16:10:55 run_sparta_abc_single_folder_pipeline INFO     ran /home/elyawy/development/Msc/Thesis/Working_dir/SpartaABC/SpartaABC, conf_path=/home/elyawy/development/Msc/Thesis/Working_dir/SpartaABC/results/_eq.conf, stat=0
2021-05-19 16:10:59 run_sparta_abc_single_folder_pipeline INFO     ran /home/elyawy/development/Msc/Thesis/Working_dir/SpartaABC/SpartaABC, conf_path=/home/elyawy/development/Msc/Thesis/Working_dir/SpartaABC/results/_dif.conf, stat=0
2021-05-19 16:10:59 run_sparta_abc_single_folder_pipeline INFO      simulations are done - finish stats 0.
2021-05-19 16:10:59 msa_bias_corrector INFO     Maximal sequence length for model dif: 196
2021-05-19 16:10:59 msa_bias_corrector INFO     Number of simulated MSAs  for model dif: 196
2021-05-19 16:10:59 msa_bias_corrector INFO     Number of indelible MSAs for model dif: 200
2021-05-19 16:11:22 msa_bias_corrector INFO     Done with MAFFT
2021-05-19 16:11:28 msa_bias_corrector INFO     {'AVG_GAP_SIZE': 0.9879078063211688, 'MSA_LEN': 0.9962348548417164, 'MSA_MAX_LEN': 0.9999999873664349, 'MSA_MIN_LEN': 0.9999999737190102, 'TOT_NUM_GAPS': 0.9595984582093934, 'NUM_GAPS_LEN_ONE': 0.8937661686333456, 'NUM_GAPS_LEN_TWO': 0.8877718132634811, 'NUM_GAPS_LEN_THREE': 0.8382902321234396, 'NUM_GAPS_LEN_AT_LEAST_FOUR': 0.9733946678935208, 'AVG_UNIQUE_GAP_SIZE': 0.9943408788012023, 'TOT_NUM_UNIQE_GAPS': 0.9622249959244888, 'NUM_GAPS_LEN_ONE_POS_1_GAPS': 0.912897234531608, 'NUM_GAPS_LEN_ONE_POS_2_GAPS': 0.8356500643044908, 'NUM_GAPS_LEN_ONE_POS_N_MINUS_1_GAPS': 0.886091880606765, 'NUM_GAPS_LEN_TWO_POS_1_GAPS': 0.8427988252611228, 'NUM_GAPS_LEN_TWO_POS_2_GAPS': 0.8622869205987709, 'NUM_GAPS_LEN_TWO_POS_N_MINUS_1_GAPS': 0.8913064863515032, 'NUM_GAPS_LEN_THREE_POS_1_GAPS': 0.8506552262689162, 'NUM_GAPS_LEN_THREE_POS_2_GAPS': 0.791177840837582, 'NUM_GAPS_LEN_THREE_POS_N_MINUS_1_GAPS': 0.8278982497503337, 'NUM_GAPS_LEN_AT_LEAST_FOUR_POS_1_GAPS': 0.9584951770935756, 'NUM_GAPS_LEN_AT_LEAST_FOUR_POS_2_GAPS': 0.853152930487161, 'NUM_GAPS_LEN_AT_LEAST_FOUR_POS_N_MINUS_1_GAPS': 0.9342033306870208, 'MSA_POSITION_WITH_0_GAPS': 0.9936100736022081, 'MSA_POSITION_WITH_1_GAPS': 0.9806856103011152, 'MSA_POSITION_WITH_2_GAPS': 0.9688622345259957, 'MSA_POSITION_WITH_N_MINUS_1_GAPS': 0.9857590158703357}
2021-05-19 16:11:29 msa_bias_corrector INFO     Corrected MSA bias for model dif
2021-05-19 16:11:29 msa_bias_corrector INFO     Maximal sequence length for model eq: 149
2021-05-19 16:11:29 msa_bias_corrector INFO     Number of simulated MSAs  for model eq: 149
2021-05-19 16:11:29 msa_bias_corrector INFO     Number of indelible MSAs for model eq: 200
2021-05-19 16:11:52 msa_bias_corrector INFO     Done with MAFFT
2021-05-19 16:11:57 msa_bias_corrector INFO     {'AVG_GAP_SIZE': 0.9723651958995139, 'MSA_LEN': 0.996483547380275, 'MSA_MAX_LEN': 0.999999999777023, 'MSA_MIN_LEN': 1.0, 'TOT_NUM_GAPS': 0.9748747831659929, 'NUM_GAPS_LEN_ONE': 0.9228483802331802, 'NUM_GAPS_LEN_TWO': 0.9142762954747358, 'NUM_GAPS_LEN_THREE': 0.9704620692800981, 'NUM_GAPS_LEN_AT_LEAST_FOUR': 0.9763516109261726, 'AVG_UNIQUE_GAP_SIZE': 0.9807421078448554, 'TOT_NUM_UNIQE_GAPS': 0.9825795302935719, 'NUM_GAPS_LEN_ONE_POS_1_GAPS': 0.9315980554289351, 'NUM_GAPS_LEN_ONE_POS_2_GAPS': 0.8296316276137673, 'NUM_GAPS_LEN_ONE_POS_N_MINUS_1_GAPS': 0.8963711694320307, 'NUM_GAPS_LEN_TWO_POS_1_GAPS': 0.9375400261046452, 'NUM_GAPS_LEN_TWO_POS_2_GAPS': 0.6362476890839671, 'NUM_GAPS_LEN_TWO_POS_N_MINUS_1_GAPS': 0.9048638692511161, 'NUM_GAPS_LEN_THREE_POS_1_GAPS': 0.9203037825241546, 'NUM_GAPS_LEN_THREE_POS_2_GAPS': 0.9337981584013963, 'NUM_GAPS_LEN_THREE_POS_N_MINUS_1_GAPS': 0.9999999687365031, 'NUM_GAPS_LEN_AT_LEAST_FOUR_POS_1_GAPS': 0.9524934618659276, 'NUM_GAPS_LEN_AT_LEAST_FOUR_POS_2_GAPS': 0.9366381709341305, 'NUM_GAPS_LEN_AT_LEAST_FOUR_POS_N_MINUS_1_GAPS': 0.922272421905042, 'MSA_POSITION_WITH_0_GAPS': 0.9971118051468525, 'MSA_POSITION_WITH_1_GAPS': 0.9922547785220713, 'MSA_POSITION_WITH_2_GAPS': 0.9376733449373256, 'MSA_POSITION_WITH_N_MINUS_1_GAPS': 0.9919273404541904}
2021-05-19 16:11:59 msa_bias_corrector INFO     Corrected MSA bias for model eq
2021-05-19 16:11:59 infer_abc_params_single_folder_pipeline INFO     started calc stats msa_corrected
2021-05-19 16:11:59 infer_abc_params_single_folder_pipeline INFO     dropped 3 features from ideq model
2021-05-19 16:11:59 infer_abc_params_single_folder_pipeline INFO     dropped 12 features from iddif model
2021-05-19 16:11:59 infer_abc_params_single_folder_pipeline INFO     ran load_lib_data msa_corrected
2021-05-19 16:11:59 infer_abc_params_single_folder_pipeline INFO     ran calc_bayes_factor msa_corrected
2021-05-19 16:11:59 infer_abc_params_single_folder_pipeline INFO     done bayes class msa_corrected
2021-05-19 16:11:59 infer_abc_params_single_folder_pipeline INFO     done ABC mean msa_corrected
2021-05-19 16:12:08 infer_abc_params_single_folder_pipeline INFO     done ABC ridge msa_corrected
2021-05-19 16:12:08 infer_abc_params_single_folder_pipeline INFO     Done msa_corrected. Res file written to /home/elyawy/development/Msc/Thesis/Working_dir/SpartaABC/results/msa_corrected_res.csv
2021-05-19 16:13:32 run_sparta_abc_single_folder_pipeline INFO      started.
2021-05-19 16:13:32 run_sparta_abc_single_folder_pipeline INFO     Inside create_sims function.
2021-05-19 16:13:32 run_sparta_abc_single_folder_pipeline INFO     Writing conf files.
2021-05-19 16:13:32 run_sparta_abc_single_folder_pipeline INFO     Wrote /home/elyawy/development/Msc/Thesis/Working_dir/SpartaABC/results/_eq.conf. Based on /home/elyawy/development/Msc/Thesis/Working_dir/SpartaABC/sparta_conf_template.conf
2021-05-19 16:13:32 run_sparta_abc_single_folder_pipeline INFO     Wrote /home/elyawy/development/Msc/Thesis/Working_dir/SpartaABC/results/_dif.conf. Based on /home/elyawy/development/Msc/Thesis/Working_dir/SpartaABC/sparta_conf_template.conf
2021-05-19 16:13:32 run_sparta_abc_single_folder_pipeline INFO     linux op system
2021-05-19 16:13:37 run_sparta_abc_single_folder_pipeline INFO     ran /home/elyawy/development/Msc/Thesis/Working_dir/SpartaABC/SpartaABC, conf_path=/home/elyawy/development/Msc/Thesis/Working_dir/SpartaABC/results/_eq.conf, stat=0
2021-05-19 16:13:41 run_sparta_abc_single_folder_pipeline INFO     ran /home/elyawy/development/Msc/Thesis/Working_dir/SpartaABC/SpartaABC, conf_path=/home/elyawy/development/Msc/Thesis/Working_dir/SpartaABC/results/_dif.conf, stat=0
2021-05-19 16:13:41 run_sparta_abc_single_folder_pipeline INFO      simulations are done - finish stats 0.
2021-05-19 16:13:41 msa_bias_corrector INFO     Maximal sequence length for model dif: 143
2021-05-19 16:13:41 msa_bias_corrector INFO     Number of simulated MSAs  for model dif: 143
2021-05-19 16:13:41 msa_bias_corrector INFO     Number of indelible MSAs for model dif: 200
2021-05-19 16:14:04 msa_bias_corrector INFO     Done with MAFFT
2021-05-19 16:14:09 msa_bias_corrector INFO     {'AVG_GAP_SIZE': 0.9928779526865218, 'MSA_LEN': 0.9981003837959161, 'MSA_MAX_LEN': 0.9999999815749006, 'MSA_MIN_LEN': 1.0, 'TOT_NUM_GAPS': 0.9861779861073232, 'NUM_GAPS_LEN_ONE': 0.9761293487290678, 'NUM_GAPS_LEN_TWO': 0.9459532369351785, 'NUM_GAPS_LEN_THREE': 0.9398479962590445, 'NUM_GAPS_LEN_AT_LEAST_FOUR': 0.9484413943598622, 'AVG_UNIQUE_GAP_SIZE': 0.9900854982977308, 'TOT_NUM_UNIQE_GAPS': 0.9771341613133837, 'NUM_GAPS_LEN_ONE_POS_1_GAPS': 0.9132920012489787, 'NUM_GAPS_LEN_ONE_POS_2_GAPS': 0.9129812335921051, 'NUM_GAPS_LEN_ONE_POS_N_MINUS_1_GAPS': 0.9629772947726671, 'NUM_GAPS_LEN_TWO_POS_1_GAPS': 0.9312673766641395, 'NUM_GAPS_LEN_TWO_POS_2_GAPS': 0.7862202903550765, 'NUM_GAPS_LEN_TWO_POS_N_MINUS_1_GAPS': 0.9310096441257383, 'NUM_GAPS_LEN_THREE_POS_1_GAPS': 0.9600335986322514, 'NUM_GAPS_LEN_THREE_POS_2_GAPS': nan, 'NUM_GAPS_LEN_THREE_POS_N_MINUS_1_GAPS': 0.9370078740157481, 'NUM_GAPS_LEN_AT_LEAST_FOUR_POS_1_GAPS': 0.8773160455019042, 'NUM_GAPS_LEN_AT_LEAST_FOUR_POS_2_GAPS': 0.6547153535093542, 'NUM_GAPS_LEN_AT_LEAST_FOUR_POS_N_MINUS_1_GAPS': 0.9201417534151135, 'MSA_POSITION_WITH_0_GAPS': 0.9996345908433768, 'MSA_POSITION_WITH_1_GAPS': 0.9987026656822944, 'MSA_POSITION_WITH_2_GAPS': 0.9161047865823649, 'MSA_POSITION_WITH_N_MINUS_1_GAPS': 0.9889750997300715}
2021-05-19 16:14:11 msa_bias_corrector INFO     Corrected MSA bias for model dif
2021-05-19 16:14:11 msa_bias_corrector INFO     Maximal sequence length for model eq: 176
2021-05-19 16:14:11 msa_bias_corrector INFO     Number of simulated MSAs  for model eq: 176
2021-05-19 16:14:11 msa_bias_corrector INFO     Number of indelible MSAs for model eq: 200
2021-05-19 16:14:34 msa_bias_corrector INFO     Done with MAFFT
2021-05-19 16:14:39 msa_bias_corrector INFO     {'AVG_GAP_SIZE': 0.9903875769128754, 'MSA_LEN': 0.9924202898952658, 'MSA_MAX_LEN': 1.0, 'MSA_MIN_LEN': 1.0, 'TOT_NUM_GAPS': 0.986919653947007, 'NUM_GAPS_LEN_ONE': 0.9606561550071888, 'NUM_GAPS_LEN_TWO': 0.9171431015223466, 'NUM_GAPS_LEN_THREE': 0.9358499077935087, 'NUM_GAPS_LEN_AT_LEAST_FOUR': 0.9844934212488679, 'AVG_UNIQUE_GAP_SIZE': 0.993940239002493, 'TOT_NUM_UNIQE_GAPS': 0.9872969834958185, 'NUM_GAPS_LEN_ONE_POS_1_GAPS': 0.9371026095053139, 'NUM_GAPS_LEN_ONE_POS_2_GAPS': 0.8150645417918363, 'NUM_GAPS_LEN_ONE_POS_N_MINUS_1_GAPS': 0.9576379700922241, 'NUM_GAPS_LEN_TWO_POS_1_GAPS': 0.8754603329278143, 'NUM_GAPS_LEN_TWO_POS_2_GAPS': nan, 'NUM_GAPS_LEN_TWO_POS_N_MINUS_1_GAPS': 0.9037991331508617, 'NUM_GAPS_LEN_THREE_POS_1_GAPS': 0.9455553139078637, 'NUM_GAPS_LEN_THREE_POS_2_GAPS': nan, 'NUM_GAPS_LEN_THREE_POS_N_MINUS_1_GAPS': 0.8954511974029002, 'NUM_GAPS_LEN_AT_LEAST_FOUR_POS_1_GAPS': 0.917356749260957, 'NUM_GAPS_LEN_AT_LEAST_FOUR_POS_2_GAPS': 0.928349133860077, 'NUM_GAPS_LEN_AT_LEAST_FOUR_POS_N_MINUS_1_GAPS': 0.9329516284413415, 'MSA_POSITION_WITH_0_GAPS': 0.998203055319475, 'MSA_POSITION_WITH_1_GAPS': 0.995145933351465, 'MSA_POSITION_WITH_2_GAPS': 0.8977227415639035, 'MSA_POSITION_WITH_N_MINUS_1_GAPS': 0.939187847932362}
2021-05-19 16:14:40 msa_bias_corrector INFO     Corrected MSA bias for model eq
2021-05-19 16:14:40 infer_abc_params_single_folder_pipeline INFO     started calc stats msa_corrected
2021-05-19 16:14:41 infer_abc_params_single_folder_pipeline INFO     dropped 6 features from ideq model
2021-05-19 16:14:41 infer_abc_params_single_folder_pipeline INFO     dropped 4 features from iddif model
2021-05-19 16:14:41 infer_abc_params_single_folder_pipeline INFO     ran load_lib_data msa_corrected
2021-05-19 16:14:41 infer_abc_params_single_folder_pipeline INFO     ran calc_bayes_factor msa_corrected
2021-05-19 16:14:41 infer_abc_params_single_folder_pipeline INFO     done bayes class msa_corrected
2021-05-19 16:14:41 infer_abc_params_single_folder_pipeline INFO     done ABC mean msa_corrected
2021-05-19 16:14:51 infer_abc_params_single_folder_pipeline INFO     done ABC ridge msa_corrected
2021-05-19 16:14:51 infer_abc_params_single_folder_pipeline INFO     Done msa_corrected. Res file written to /home/elyawy/development/Msc/Thesis/Working_dir/SpartaABC/results/msa_corrected_res.csv
2021-05-19 16:24:42 run_sparta_abc_single_folder_pipeline INFO      started.
2021-05-19 16:24:42 run_sparta_abc_single_folder_pipeline INFO     Inside create_sims function.
2021-05-19 16:24:42 run_sparta_abc_single_folder_pipeline INFO     Writing conf files.
2021-05-19 16:24:42 run_sparta_abc_single_folder_pipeline INFO     Wrote /home/elyawy/development/Msc/Thesis/Working_dir/SpartaABC/results/_eq.conf. Based on /home/elyawy/development/Msc/Thesis/Working_dir/SpartaABC/sparta_conf_template.conf
2021-05-19 16:24:42 run_sparta_abc_single_folder_pipeline INFO     Wrote /home/elyawy/development/Msc/Thesis/Working_dir/SpartaABC/results/_dif.conf. Based on /home/elyawy/development/Msc/Thesis/Working_dir/SpartaABC/sparta_conf_template.conf
2021-05-19 16:24:42 run_sparta_abc_single_folder_pipeline INFO     linux op system
2021-05-19 16:24:47 run_sparta_abc_single_folder_pipeline INFO     ran /home/elyawy/development/Msc/Thesis/Working_dir/SpartaABC/SpartaABC, conf_path=/home/elyawy/development/Msc/Thesis/Working_dir/SpartaABC/results/_eq.conf, stat=0
2021-05-19 16:24:52 run_sparta_abc_single_folder_pipeline INFO     ran /home/elyawy/development/Msc/Thesis/Working_dir/SpartaABC/SpartaABC, conf_path=/home/elyawy/development/Msc/Thesis/Working_dir/SpartaABC/results/_dif.conf, stat=0
2021-05-19 16:24:52 run_sparta_abc_single_folder_pipeline INFO      simulations are done - finish stats 0.
2021-05-19 16:24:52 msa_bias_corrector INFO     Maximal sequence length for model dif: 183
2021-05-19 16:24:52 msa_bias_corrector INFO     Number of simulated MSAs  for model dif: 183
2021-05-19 16:24:52 msa_bias_corrector INFO     Number of indelible MSAs for model dif: 200
2021-05-19 16:25:15 msa_bias_corrector INFO     Done with MAFFT
2021-05-19 16:25:20 msa_bias_corrector INFO     {'AVG_GAP_SIZE': 0.9784786300798645, 'MSA_LEN': 0.9965853404479766, 'MSA_MAX_LEN': 0.9999999984592892, 'MSA_MIN_LEN': 1.0, 'TOT_NUM_GAPS': 0.9846710259104794, 'NUM_GAPS_LEN_ONE': 0.9650130296356719, 'NUM_GAPS_LEN_TWO': 0.9644272841574429, 'NUM_GAPS_LEN_THREE': 0.9420936053803396, 'NUM_GAPS_LEN_AT_LEAST_FOUR': 0.9971975627827792, 'AVG_UNIQUE_GAP_SIZE': 0.9756620137248808, 'TOT_NUM_UNIQE_GAPS': 0.9916123447092167, 'NUM_GAPS_LEN_ONE_POS_1_GAPS': 0.9422481888552442, 'NUM_GAPS_LEN_ONE_POS_2_GAPS': 0.8886493880190989, 'NUM_GAPS_LEN_ONE_POS_N_MINUS_1_GAPS': 0.9548471586053444, 'NUM_GAPS_LEN_TWO_POS_1_GAPS': 0.8948187627095123, 'NUM_GAPS_LEN_TWO_POS_2_GAPS': 0.9999999965963257, 'NUM_GAPS_LEN_TWO_POS_N_MINUS_1_GAPS': 0.9737527601936192, 'NUM_GAPS_LEN_THREE_POS_1_GAPS': 0.9679737457860009, 'NUM_GAPS_LEN_THREE_POS_2_GAPS': 0.8731299512233412, 'NUM_GAPS_LEN_THREE_POS_N_MINUS_1_GAPS': 0.8895471000397001, 'NUM_GAPS_LEN_AT_LEAST_FOUR_POS_1_GAPS': 0.9173041141203225, 'NUM_GAPS_LEN_AT_LEAST_FOUR_POS_2_GAPS': 0.8155456418331992, 'NUM_GAPS_LEN_AT_LEAST_FOUR_POS_N_MINUS_1_GAPS': 0.9668729819179491, 'MSA_POSITION_WITH_0_GAPS': 0.9925349500342973, 'MSA_POSITION_WITH_1_GAPS': 0.9823489847755911, 'MSA_POSITION_WITH_2_GAPS': 0.9948266593883972, 'MSA_POSITION_WITH_N_MINUS_1_GAPS': 0.991718737683056}
2021-05-19 16:25:21 msa_bias_corrector INFO     Corrected MSA bias for model dif
2021-05-19 16:25:21 msa_bias_corrector INFO     Maximal sequence length for model eq: 182
2021-05-19 16:25:21 msa_bias_corrector INFO     Number of simulated MSAs  for model eq: 182
2021-05-19 16:25:21 msa_bias_corrector INFO     Number of indelible MSAs for model eq: 200
2021-05-19 16:25:44 msa_bias_corrector INFO     Done with MAFFT
2021-05-19 16:25:49 msa_bias_corrector INFO     {'AVG_GAP_SIZE': 0.9978610251318633, 'MSA_LEN': 0.9992686034968261, 'MSA_MAX_LEN': 1.0, 'MSA_MIN_LEN': 1.0, 'TOT_NUM_GAPS': 0.9734348829602499, 'NUM_GAPS_LEN_ONE': 0.9516395026237234, 'NUM_GAPS_LEN_TWO': 0.9375558012246168, 'NUM_GAPS_LEN_THREE': 0.8825283562783836, 'NUM_GAPS_LEN_AT_LEAST_FOUR': 0.9921287172402358, 'AVG_UNIQUE_GAP_SIZE': 0.9990591524960709, 'TOT_NUM_UNIQE_GAPS': 0.9830687521367822, 'NUM_GAPS_LEN_ONE_POS_1_GAPS': 0.9245849958715195, 'NUM_GAPS_LEN_ONE_POS_2_GAPS': 0.8478015989607756, 'NUM_GAPS_LEN_ONE_POS_N_MINUS_1_GAPS': 0.899125260183529, 'NUM_GAPS_LEN_TWO_POS_1_GAPS': 0.9226496782827416, 'NUM_GAPS_LEN_TWO_POS_2_GAPS': 0.851961509992598, 'NUM_GAPS_LEN_TWO_POS_N_MINUS_1_GAPS': 0.948345643372734, 'NUM_GAPS_LEN_THREE_POS_1_GAPS': 0.858946077826952, 'NUM_GAPS_LEN_THREE_POS_2_GAPS': 0.7053278933842965, 'NUM_GAPS_LEN_THREE_POS_N_MINUS_1_GAPS': 0.7873694097169928, 'NUM_GAPS_LEN_AT_LEAST_FOUR_POS_1_GAPS': 0.9389491954057032, 'NUM_GAPS_LEN_AT_LEAST_FOUR_POS_2_GAPS': 0.9194575640426161, 'NUM_GAPS_LEN_AT_LEAST_FOUR_POS_N_MINUS_1_GAPS': 0.9899838125523945, 'MSA_POSITION_WITH_0_GAPS': 0.9998027679688758, 'MSA_POSITION_WITH_1_GAPS': 0.9986619487901567, 'MSA_POSITION_WITH_2_GAPS': 0.9301525848914931, 'MSA_POSITION_WITH_N_MINUS_1_GAPS': 0.9979163020537893}
2021-05-19 16:25:50 msa_bias_corrector INFO     Corrected MSA bias for model eq
2021-05-19 16:25:50 infer_abc_params_single_folder_pipeline INFO     started calc stats msa_corrected
2021-05-19 16:25:50 infer_abc_params_single_folder_pipeline INFO     dropped 7 features from ideq model
2021-05-19 16:25:51 infer_abc_params_single_folder_pipeline INFO     dropped 5 features from iddif model
2021-05-19 16:25:51 infer_abc_params_single_folder_pipeline INFO     ran load_lib_data msa_corrected
2021-05-19 16:25:51 infer_abc_params_single_folder_pipeline INFO     ran calc_bayes_factor msa_corrected
2021-05-19 16:25:51 infer_abc_params_single_folder_pipeline INFO     done bayes class msa_corrected
2021-05-19 16:25:51 infer_abc_params_single_folder_pipeline INFO     done ABC mean msa_corrected
2021-05-19 16:26:00 infer_abc_params_single_folder_pipeline INFO     done ABC ridge msa_corrected
2021-05-19 16:26:00 infer_abc_params_single_folder_pipeline INFO     Done msa_corrected. Res file written to /home/elyawy/development/Msc/Thesis/Working_dir/SpartaABC/results/msa_corrected_res.csv
2021-05-19 16:26:21 run_sparta_abc_single_folder_pipeline INFO      started.
2021-05-19 16:26:21 run_sparta_abc_single_folder_pipeline INFO     Inside create_sims function.
2021-05-19 16:26:21 run_sparta_abc_single_folder_pipeline INFO     Writing conf files.
2021-05-19 16:26:21 run_sparta_abc_single_folder_pipeline INFO     Wrote /home/elyawy/development/Msc/Thesis/Working_dir/SpartaABC/results/_eq.conf. Based on /home/elyawy/development/Msc/Thesis/Working_dir/SpartaABC/sparta_conf_template.conf
2021-05-19 16:26:21 run_sparta_abc_single_folder_pipeline INFO     Wrote /home/elyawy/development/Msc/Thesis/Working_dir/SpartaABC/results/_dif.conf. Based on /home/elyawy/development/Msc/Thesis/Working_dir/SpartaABC/sparta_conf_template.conf
2021-05-19 16:26:21 run_sparta_abc_single_folder_pipeline INFO     linux op system
2021-05-19 16:26:24 run_sparta_abc_single_folder_pipeline INFO     ran /home/elyawy/development/Msc/Thesis/Working_dir/SpartaABC/SpartaABC, conf_path=/home/elyawy/development/Msc/Thesis/Working_dir/SpartaABC/results/_eq.conf, stat=0
2021-05-19 16:26:26 run_sparta_abc_single_folder_pipeline INFO     ran /home/elyawy/development/Msc/Thesis/Working_dir/SpartaABC/SpartaABC, conf_path=/home/elyawy/development/Msc/Thesis/Working_dir/SpartaABC/results/_dif.conf, stat=0
2021-05-19 16:26:26 run_sparta_abc_single_folder_pipeline INFO      simulations are done - finish stats 0.
2021-05-19 16:26:26 msa_bias_corrector INFO     Maximal sequence length for model dif: 162
2021-05-19 16:26:26 msa_bias_corrector INFO     Number of simulated MSAs  for model dif: 162
2021-05-19 16:26:26 msa_bias_corrector INFO     Number of indelible MSAs for model dif: 200
2021-05-19 16:26:50 msa_bias_corrector INFO     Done with MAFFT
2021-05-19 16:34:06 run_sparta_abc_single_folder_pipeline INFO      started.
2021-05-19 16:34:06 run_sparta_abc_single_folder_pipeline INFO     Inside create_sims function.
2021-05-19 16:34:06 run_sparta_abc_single_folder_pipeline INFO     Writing conf files.
2021-05-19 16:34:06 run_sparta_abc_single_folder_pipeline INFO     Wrote /home/elyawy/development/Msc/Thesis/Working_dir/SpartaABC/results/_eq.conf. Based on /home/elyawy/development/Msc/Thesis/Working_dir/SpartaABC/sparta_conf_template.conf
2021-05-19 16:34:06 run_sparta_abc_single_folder_pipeline INFO     Wrote /home/elyawy/development/Msc/Thesis/Working_dir/SpartaABC/results/_dif.conf. Based on /home/elyawy/development/Msc/Thesis/Working_dir/SpartaABC/sparta_conf_template.conf
2021-05-19 16:34:06 run_sparta_abc_single_folder_pipeline INFO     linux op system
2021-05-19 16:34:09 run_sparta_abc_single_folder_pipeline INFO     ran /home/elyawy/development/Msc/Thesis/Working_dir/SpartaABC/SpartaABC, conf_path=/home/elyawy/development/Msc/Thesis/Working_dir/SpartaABC/results/_eq.conf, stat=0
2021-05-19 16:34:11 run_sparta_abc_single_folder_pipeline INFO      skipped.
2021-05-19 16:34:11 msa_bias_corrector INFO     Maximal sequence length for model dif: 176
2021-05-19 16:34:11 msa_bias_corrector INFO     Number of simulated MSAs  for model dif: 176
2021-05-19 16:34:11 msa_bias_corrector INFO     Number of indelible MSAs for model dif: 200
2021-05-19 16:36:11 run_sparta_abc_single_folder_pipeline INFO      started.
2021-05-19 16:36:11 run_sparta_abc_single_folder_pipeline INFO     Inside create_sims function.
2021-05-19 16:36:11 run_sparta_abc_single_folder_pipeline INFO     Writing conf files.
2021-05-19 16:36:11 run_sparta_abc_single_folder_pipeline INFO     Wrote /home/elyawy/development/Msc/Thesis/Working_dir/SpartaABC/results/_eq.conf. Based on /home/elyawy/development/Msc/Thesis/Working_dir/SpartaABC/sparta_conf_template.conf
2021-05-19 16:36:11 run_sparta_abc_single_folder_pipeline INFO     Wrote /home/elyawy/development/Msc/Thesis/Working_dir/SpartaABC/results/_dif.conf. Based on /home/elyawy/development/Msc/Thesis/Working_dir/SpartaABC/sparta_conf_template.conf
2021-05-19 16:36:11 run_sparta_abc_single_folder_pipeline INFO     linux op system
2021-05-19 16:36:20 run_sparta_abc_single_folder_pipeline INFO      skipped.
2021-05-19 16:36:20 msa_bias_corrector INFO     Maximal sequence length for model dif: 176
2021-05-19 16:36:20 msa_bias_corrector INFO     Number of simulated MSAs  for model dif: 176
2021-05-19 16:36:20 msa_bias_corrector INFO     Number of indelible MSAs for model dif: 200
2021-05-19 16:36:41 run_sparta_abc_single_folder_pipeline INFO      started.
2021-05-19 16:36:41 run_sparta_abc_single_folder_pipeline INFO     Inside create_sims function.
2021-05-19 16:36:41 run_sparta_abc_single_folder_pipeline INFO     Writing conf files.
2021-05-19 16:36:41 run_sparta_abc_single_folder_pipeline INFO     Wrote /home/elyawy/development/Msc/Thesis/Working_dir/SpartaABC/results/_eq.conf. Based on /home/elyawy/development/Msc/Thesis/Working_dir/SpartaABC/sparta_conf_template.conf
2021-05-19 16:36:41 run_sparta_abc_single_folder_pipeline INFO     Wrote /home/elyawy/development/Msc/Thesis/Working_dir/SpartaABC/results/_dif.conf. Based on /home/elyawy/development/Msc/Thesis/Working_dir/SpartaABC/sparta_conf_template.conf
2021-05-19 16:36:41 run_sparta_abc_single_folder_pipeline INFO     linux op system
2021-05-19 16:36:44 run_sparta_abc_single_folder_pipeline INFO     ran /home/elyawy/development/Msc/Thesis/Working_dir/SpartaABC/SpartaABC, conf_path=/home/elyawy/development/Msc/Thesis/Working_dir/SpartaABC/results/_eq.conf, stat=0
2021-05-19 16:36:47 run_sparta_abc_single_folder_pipeline INFO     ran /home/elyawy/development/Msc/Thesis/Working_dir/SpartaABC/SpartaABC, conf_path=/home/elyawy/development/Msc/Thesis/Working_dir/SpartaABC/results/_dif.conf, stat=0
2021-05-19 16:36:47 run_sparta_abc_single_folder_pipeline INFO      simulations are done - finish stats 0.
2021-05-19 16:36:47 msa_bias_corrector INFO     Maximal sequence length for model dif: 219
2021-05-19 16:36:47 msa_bias_corrector INFO     Number of simulated MSAs  for model dif: 219
2021-05-19 16:36:47 msa_bias_corrector INFO     Number of indelible MSAs for model dif: 200
2021-05-19 16:37:10 msa_bias_corrector INFO     Done with MAFFT
2021-05-19 16:37:16 msa_bias_corrector INFO     {'AVG_GAP_SIZE': 0.9596422635213746, 'MSA_LEN': 0.9931241117265506, 'MSA_MAX_LEN': 0.9999999990250024, 'MSA_MIN_LEN': 1.0, 'TOT_NUM_GAPS': 0.9345027820949424, 'NUM_GAPS_LEN_ONE': 0.8463767321642564, 'NUM_GAPS_LEN_TWO': 0.8315585948261833, 'NUM_GAPS_LEN_THREE': 0.8400184819913399, 'NUM_GAPS_LEN_AT_LEAST_FOUR': 0.9771095358085267, 'AVG_UNIQUE_GAP_SIZE': 0.9526876932757545, 'TOT_NUM_UNIQE_GAPS': 0.9359999850870317, 'NUM_GAPS_LEN_ONE_POS_1_GAPS': 0.799154977644413, 'NUM_GAPS_LEN_ONE_POS_2_GAPS': 0.6269034250620086, 'NUM_GAPS_LEN_ONE_POS_N_MINUS_1_GAPS': 0.7910397326538966, 'NUM_GAPS_LEN_TWO_POS_1_GAPS': 0.8056510126494244, 'NUM_GAPS_LEN_TWO_POS_2_GAPS': 1.0, 'NUM_GAPS_LEN_TWO_POS_N_MINUS_1_GAPS': 0.8176229783811043, 'NUM_GAPS_LEN_THREE_POS_1_GAPS': 0.6072177759355349, 'NUM_GAPS_LEN_THREE_POS_2_GAPS': 0.6233922839457401, 'NUM_GAPS_LEN_THREE_POS_N_MINUS_1_GAPS': 0.7941503691264126, 'NUM_GAPS_LEN_AT_LEAST_FOUR_POS_1_GAPS': 0.8402525910333295, 'NUM_GAPS_LEN_AT_LEAST_FOUR_POS_2_GAPS': 0.5674803321032373, 'NUM_GAPS_LEN_AT_LEAST_FOUR_POS_N_MINUS_1_GAPS': 0.9272713809541693, 'MSA_POSITION_WITH_0_GAPS': 0.9953939941601965, 'MSA_POSITION_WITH_1_GAPS': 0.9834616329056828, 'MSA_POSITION_WITH_2_GAPS': 0.9283119943746982, 'MSA_POSITION_WITH_N_MINUS_1_GAPS': 0.9721936347817255}
2021-05-19 16:37:16 msa_bias_corrector INFO     Corrected MSA bias for model dif
2021-05-19 16:37:16 msa_bias_corrector INFO     Maximal sequence length for model eq: 178
2021-05-19 16:37:16 msa_bias_corrector INFO     Number of simulated MSAs  for model eq: 178
2021-05-19 16:37:16 msa_bias_corrector INFO     Number of indelible MSAs for model eq: 200
2021-05-19 16:37:40 msa_bias_corrector INFO     Done with MAFFT
2021-05-19 16:37:46 msa_bias_corrector INFO     {'AVG_GAP_SIZE': 0.9886678692316719, 'MSA_LEN': 0.9959564613986029, 'MSA_MAX_LEN': 0.9999999997799526, 'MSA_MIN_LEN': 1.0, 'TOT_NUM_GAPS': 0.9551411244595517, 'NUM_GAPS_LEN_ONE': 0.9243419145800593, 'NUM_GAPS_LEN_TWO': 0.8518983440507162, 'NUM_GAPS_LEN_THREE': 0.8407220268760279, 'NUM_GAPS_LEN_AT_LEAST_FOUR': 0.9828671159879313, 'AVG_UNIQUE_GAP_SIZE': 0.986657048909987, 'TOT_NUM_UNIQE_GAPS': 0.9646004900753888, 'NUM_GAPS_LEN_ONE_POS_1_GAPS': 0.7747729991861201, 'NUM_GAPS_LEN_ONE_POS_2_GAPS': 0.6025695250260532, 'NUM_GAPS_LEN_ONE_POS_N_MINUS_1_GAPS': 0.8711932799273134, 'NUM_GAPS_LEN_TWO_POS_1_GAPS': 0.6886648214483739, 'NUM_GAPS_LEN_TWO_POS_2_GAPS': 0.5531981256434664, 'NUM_GAPS_LEN_TWO_POS_N_MINUS_1_GAPS': 0.8046831225318011, 'NUM_GAPS_LEN_THREE_POS_1_GAPS': 0.7120378232154869, 'NUM_GAPS_LEN_THREE_POS_2_GAPS': 0.7346610490146941, 'NUM_GAPS_LEN_THREE_POS_N_MINUS_1_GAPS': 0.7297742325319496, 'NUM_GAPS_LEN_AT_LEAST_FOUR_POS_1_GAPS': 0.9392858771249855, 'NUM_GAPS_LEN_AT_LEAST_FOUR_POS_2_GAPS': 0.7087538773031088, 'NUM_GAPS_LEN_AT_LEAST_FOUR_POS_N_MINUS_1_GAPS': 0.9604264526604558, 'MSA_POSITION_WITH_0_GAPS': 0.9943721588143648, 'MSA_POSITION_WITH_1_GAPS': 0.9860488404923897, 'MSA_POSITION_WITH_2_GAPS': 0.923979981591081, 'MSA_POSITION_WITH_N_MINUS_1_GAPS': 0.9552702736896966}
2021-05-19 16:37:46 msa_bias_corrector INFO     Corrected MSA bias for model eq
2021-05-19 16:37:46 infer_abc_params_single_folder_pipeline INFO     started calc stats msa_corrected
2021-05-19 16:37:46 infer_abc_params_single_folder_pipeline INFO     dropped 12 features from ideq model
2021-05-19 16:37:46 infer_abc_params_single_folder_pipeline INFO     dropped 12 features from iddif model
2021-05-19 16:37:46 infer_abc_params_single_folder_pipeline INFO     ran load_lib_data msa_corrected
2021-05-19 16:37:46 infer_abc_params_single_folder_pipeline INFO     ran calc_bayes_factor msa_corrected
2021-05-19 16:37:46 infer_abc_params_single_folder_pipeline INFO     done bayes class msa_corrected
2021-05-19 16:37:46 infer_abc_params_single_folder_pipeline INFO     done ABC mean msa_corrected
2021-05-19 16:37:55 infer_abc_params_single_folder_pipeline INFO     done ABC ridge msa_corrected
2021-05-19 16:37:55 infer_abc_params_single_folder_pipeline INFO     Done msa_corrected. Res file written to /home/elyawy/development/Msc/Thesis/Working_dir/SpartaABC/results/msa_corrected_res.csv
2021-05-19 16:38:39 run_sparta_abc_single_folder_pipeline INFO      started.
2021-05-19 16:38:39 run_sparta_abc_single_folder_pipeline INFO     Inside create_sims function.
2021-05-19 16:38:39 run_sparta_abc_single_folder_pipeline INFO     Writing conf files.
2021-05-19 16:38:39 run_sparta_abc_single_folder_pipeline INFO     Wrote /home/elyawy/development/Msc/Thesis/Working_dir/SpartaABC/results/_eq.conf. Based on /home/elyawy/development/Msc/Thesis/Working_dir/SpartaABC/sparta_conf_template.conf
2021-05-19 16:38:39 run_sparta_abc_single_folder_pipeline INFO     Wrote /home/elyawy/development/Msc/Thesis/Working_dir/SpartaABC/results/_dif.conf. Based on /home/elyawy/development/Msc/Thesis/Working_dir/SpartaABC/sparta_conf_template.conf
2021-05-19 16:38:39 run_sparta_abc_single_folder_pipeline INFO     linux op system
2021-05-19 16:38:41 run_sparta_abc_single_folder_pipeline INFO     ran /home/elyawy/development/Msc/Thesis/Working_dir/SpartaABC/SpartaABC, conf_path=/home/elyawy/development/Msc/Thesis/Working_dir/SpartaABC/results/_eq.conf, stat=0
2021-05-19 16:38:44 run_sparta_abc_single_folder_pipeline INFO     ran /home/elyawy/development/Msc/Thesis/Working_dir/SpartaABC/SpartaABC, conf_path=/home/elyawy/development/Msc/Thesis/Working_dir/SpartaABC/results/_dif.conf, stat=0
2021-05-19 16:38:44 run_sparta_abc_single_folder_pipeline INFO      simulations are done - finish stats 0.
2021-05-19 16:38:44 msa_bias_corrector INFO     Maximal sequence length for model dif: 169
2021-05-19 16:38:44 msa_bias_corrector INFO     Number of simulated MSAs  for model dif: 169
2021-05-19 16:38:44 msa_bias_corrector INFO     Number of indelible MSAs for model dif: 200
2021-05-19 16:39:07 msa_bias_corrector INFO     Done with MAFFT
2021-05-19 16:39:13 msa_bias_corrector INFO     {'AVG_GAP_SIZE': 0.972735230236779, 'MSA_LEN': 0.9897333776640282, 'MSA_MAX_LEN': 0.9999999965102544, 'MSA_MIN_LEN': 0.9999999999999998, 'TOT_NUM_GAPS': 0.9181637070035981, 'NUM_GAPS_LEN_ONE': 0.8109035715873065, 'NUM_GAPS_LEN_TWO': 0.8094862245773203, 'NUM_GAPS_LEN_THREE': 0.8934196525548682, 'NUM_GAPS_LEN_AT_LEAST_FOUR': 0.9205767118145178, 'AVG_UNIQUE_GAP_SIZE': 0.9679946257687917, 'TOT_NUM_UNIQE_GAPS': 0.9398981860429511, 'NUM_GAPS_LEN_ONE_POS_1_GAPS': 0.7670850461696175, 'NUM_GAPS_LEN_ONE_POS_2_GAPS': 0.7962736033071364, 'NUM_GAPS_LEN_ONE_POS_N_MINUS_1_GAPS': 0.7666522933749097, 'NUM_GAPS_LEN_TWO_POS_1_GAPS': 0.7698585666491071, 'NUM_GAPS_LEN_TWO_POS_2_GAPS': 0.5021594030520575, 'NUM_GAPS_LEN_TWO_POS_N_MINUS_1_GAPS': 0.6902545499935138, 'NUM_GAPS_LEN_THREE_POS_1_GAPS': 0.8016830554888026, 'NUM_GAPS_LEN_THREE_POS_2_GAPS': 0.8144321109212628, 'NUM_GAPS_LEN_THREE_POS_N_MINUS_1_GAPS': 0.860454822056318, 'NUM_GAPS_LEN_AT_LEAST_FOUR_POS_1_GAPS': 0.8582568921617162, 'NUM_GAPS_LEN_AT_LEAST_FOUR_POS_2_GAPS': 0.6269034250620087, 'NUM_GAPS_LEN_AT_LEAST_FOUR_POS_N_MINUS_1_GAPS': 0.8280248052843653, 'MSA_POSITION_WITH_0_GAPS': 0.9966328894645123, 'MSA_POSITION_WITH_1_GAPS': 0.9877458259711558, 'MSA_POSITION_WITH_2_GAPS': 0.8929056759667957, 'MSA_POSITION_WITH_N_MINUS_1_GAPS': 0.9253345985801176}
2021-05-19 16:39:14 msa_bias_corrector INFO     Corrected MSA bias for model dif
2021-05-19 16:39:14 msa_bias_corrector INFO     Maximal sequence length for model eq: 142
2021-05-19 16:39:14 msa_bias_corrector INFO     Number of simulated MSAs  for model eq: 142
2021-05-19 16:39:14 msa_bias_corrector INFO     Number of indelible MSAs for model eq: 200
2021-05-19 16:39:37 msa_bias_corrector INFO     Done with MAFFT
2021-05-19 16:39:43 msa_bias_corrector INFO     {'AVG_GAP_SIZE': 0.9625488995148338, 'MSA_LEN': 0.9930459947162686, 'MSA_MAX_LEN': 0.999999977752865, 'MSA_MIN_LEN': 1.0, 'TOT_NUM_GAPS': 0.9052716875037408, 'NUM_GAPS_LEN_ONE': 0.7779191220378898, 'NUM_GAPS_LEN_TWO': 0.8156731970018692, 'NUM_GAPS_LEN_THREE': 0.7006963405176605, 'NUM_GAPS_LEN_AT_LEAST_FOUR': 0.9597623429053422, 'AVG_UNIQUE_GAP_SIZE': 0.9628172557082905, 'TOT_NUM_UNIQE_GAPS': 0.9425795967808757, 'NUM_GAPS_LEN_ONE_POS_1_GAPS': 0.7796206092090384, 'NUM_GAPS_LEN_ONE_POS_2_GAPS': 0.67651393922949, 'NUM_GAPS_LEN_ONE_POS_N_MINUS_1_GAPS': 0.7379952243918322, 'NUM_GAPS_LEN_TWO_POS_1_GAPS': 0.8499969549381301, 'NUM_GAPS_LEN_TWO_POS_2_GAPS': 0.571488693325884, 'NUM_GAPS_LEN_TWO_POS_N_MINUS_1_GAPS': 0.7961337693017669, 'NUM_GAPS_LEN_THREE_POS_1_GAPS': 0.7974025045946023, 'NUM_GAPS_LEN_THREE_POS_2_GAPS': nan, 'NUM_GAPS_LEN_THREE_POS_N_MINUS_1_GAPS': 0.6968545181569663, 'NUM_GAPS_LEN_AT_LEAST_FOUR_POS_1_GAPS': 0.8730018066717888, 'NUM_GAPS_LEN_AT_LEAST_FOUR_POS_2_GAPS': 0.752136848275365, 'NUM_GAPS_LEN_AT_LEAST_FOUR_POS_N_MINUS_1_GAPS': 0.9028526074100051, 'MSA_POSITION_WITH_0_GAPS': 0.9939552863934261, 'MSA_POSITION_WITH_1_GAPS': 0.9870165993199301, 'MSA_POSITION_WITH_2_GAPS': 0.9564011820743469, 'MSA_POSITION_WITH_N_MINUS_1_GAPS': 0.9856374481036619}
2021-05-19 16:39:44 msa_bias_corrector INFO     Corrected MSA bias for model eq
2021-05-19 16:39:44 infer_abc_params_single_folder_pipeline INFO     started calc stats msa_corrected
2021-05-19 16:39:44 infer_abc_params_single_folder_pipeline INFO     dropped 12 features from ideq model
2021-05-19 16:39:44 infer_abc_params_single_folder_pipeline INFO     dropped 12 features from iddif model
2021-05-19 16:39:44 infer_abc_params_single_folder_pipeline INFO     ran load_lib_data msa_corrected
2021-05-19 16:39:44 infer_abc_params_single_folder_pipeline INFO     ran calc_bayes_factor msa_corrected
2021-05-19 16:39:44 infer_abc_params_single_folder_pipeline INFO     done bayes class msa_corrected
2021-05-19 16:39:44 infer_abc_params_single_folder_pipeline INFO     done ABC mean msa_corrected
2021-05-19 16:39:53 infer_abc_params_single_folder_pipeline INFO     done ABC ridge msa_corrected
2021-05-19 16:39:53 infer_abc_params_single_folder_pipeline INFO     Done msa_corrected. Res file written to /home/elyawy/development/Msc/Thesis/Working_dir/SpartaABC/results/msa_corrected_res.csv
